<?xml version="1.0" encoding="UTF-8"?>
<testsuite xmlns:xsi="http://www.w3.org/2001/XMLSchema-instance" xsi:noNamespaceSchemaLocation="https://maven.apache.org/surefire/maven-surefire-plugin/xsd/surefire-test-report-3.0.xsd" version="3.0" name="com.udasecurity.security.service.SecurityServiceTest" time="1.276" tests="13" errors="0" skipped="0" failures="0">
  <properties>
    <property name="java.specification.version" value="24"/>
    <property name="sun.cpu.isalist" value="amd64"/>
    <property name="sun.jnu.encoding" value="Cp1252"/>
    <property name="java.class.path" value="C:\Users\nitch\OneDrive\Desktop\udasecurityproject\SecurityService\target\test-classes;C:\Users\nitch\.m2\repository\software\amazon\awssdk\aws-json-protocol\2.25.20\aws-json-protocol-2.25.20.jar;C:\Users\nitch\.m2\repository\software\amazon\awssdk\third-party-jackson-core\2.25.20\third-party-jackson-core-2.25.20.jar;C:\Users\nitch\.m2\repository\software\amazon\awssdk\protocol-core\2.25.20\protocol-core-2.25.20.jar;C:\Users\nitch\.m2\repository\software\amazon\awssdk\http-auth-aws\2.25.20\http-auth-aws-2.25.20.jar;C:\Users\nitch\.m2\repository\software\amazon\awssdk\checksums-spi\2.25.20\checksums-spi-2.25.20.jar;C:\Users\nitch\.m2\repository\software\amazon\awssdk\checksums\2.25.20\checksums-2.25.20.jar;C:\Users\nitch\.m2\repository\org\reactivestreams\reactive-streams\1.0.4\reactive-streams-1.0.4.jar;C:\Users\nitch\.m2\repository\software\amazon\awssdk\http-auth-spi\2.25.20\http-auth-spi-2.25.20.jar;C:\Users\nitch\.m2\repository\software\amazon\awssdk\http-auth\2.25.20\http-auth-2.25.20.jar;C:\Users\nitch\.m2\repository\software\amazon\awssdk\identity-spi\2.25.20\identity-spi-2.25.20.jar;C:\Users\nitch\.m2\repository\software\amazon\awssdk\http-client-spi\2.25.20\http-client-spi-2.25.20.jar;C:\Users\nitch\.m2\repository\software\amazon\awssdk\annotations\2.25.20\annotations-2.25.20.jar;C:\Users\nitch\.m2\repository\software\amazon\awssdk\utils\2.25.20\utils-2.25.20.jar;C:\Users\nitch\.m2\repository\software\amazon\awssdk\aws-core\2.25.20\aws-core-2.25.20.jar;C:\Users\nitch\.m2\repository\software\amazon\awssdk\metrics-spi\2.25.20\metrics-spi-2.25.20.jar;C:\Users\nitch\.m2\repository\software\amazon\awssdk\json-utils\2.25.20\json-utils-2.25.20.jar;C:\Users\nitch\.m2\repository\software\amazon\awssdk\endpoints-spi\2.25.20\endpoints-spi-2.25.20.jar;C:\Users\nitch\.m2\repository\software\amazon\awssdk\apache-client\2.25.20\apache-client-2.25.20.jar;C:\Users\nitch\.m2\repository\org\apache\httpcomponents\httpclient\4.5.13\httpclient-4.5.13.jar;C:\Users\nitch\.m2\repository\commons-logging\commons-logging\1.2\commons-logging-1.2.jar;C:\Users\nitch\.m2\repository\org\apache\httpcomponents\httpcore\4.4.13\httpcore-4.4.13.jar;C:\Users\nitch\.m2\repository\commons-codec\commons-codec\1.15\commons-codec-1.15.jar;C:\Users\nitch\.m2\repository\software\amazon\awssdk\netty-nio-client\2.25.20\netty-nio-client-2.25.20.jar;C:\Users\nitch\.m2\repository\io\netty\netty-codec-http\4.1.108.Final\netty-codec-http-4.1.108.Final.jar;C:\Users\nitch\.m2\repository\io\netty\netty-codec-http2\4.1.108.Final\netty-codec-http2-4.1.108.Final.jar;C:\Users\nitch\.m2\repository\io\netty\netty-codec\4.1.108.Final\netty-codec-4.1.108.Final.jar;C:\Users\nitch\.m2\repository\io\netty\netty-transport\4.1.108.Final\netty-transport-4.1.108.Final.jar;C:\Users\nitch\.m2\repository\io\netty\netty-common\4.1.108.Final\netty-common-4.1.108.Final.jar;C:\Users\nitch\.m2\repository\io\netty\netty-buffer\4.1.108.Final\netty-buffer-4.1.108.Final.jar;C:\Users\nitch\.m2\repository\io\netty\netty-handler\4.1.108.Final\netty-handler-4.1.108.Final.jar;C:\Users\nitch\.m2\repository\io\netty\netty-transport-native-unix-common\4.1.108.Final\netty-transport-native-unix-common-4.1.108.Final.jar;C:\Users\nitch\.m2\repository\io\netty\netty-transport-classes-epoll\4.1.108.Final\netty-transport-classes-epoll-4.1.108.Final.jar;C:\Users\nitch\.m2\repository\io\netty\netty-resolver\4.1.108.Final\netty-resolver-4.1.108.Final.jar;C:\Users\nitch\.m2\repository\software\amazon\awssdk\profiles\2.31.13\profiles-2.31.13.jar;C:\Users\nitch\.m2\repository\software\amazon\awssdk\http-auth-aws-eventstream\2.31.13\http-auth-aws-eventstream-2.31.13.jar;C:\Users\nitch\.m2\repository\software\amazon\eventstream\eventstream\1.0.1\eventstream-1.0.1.jar;C:\Users\nitch\.m2\repository\com\google\guava\guava\33.0.0-jre\guava-33.0.0-jre.jar;C:\Users\nitch\.m2\repository\com\google\guava\failureaccess\1.0.2\failureaccess-1.0.2.jar;C:\Users\nitch\.m2\repository\com\google\guava\listenablefuture\9999.0-empty-to-avoid-conflict-with-guava\listenablefuture-9999.0-empty-to-avoid-conflict-with-guava.jar;C:\Users\nitch\.m2\repository\com\google\code\findbugs\jsr305\3.0.2\jsr305-3.0.2.jar;C:\Users\nitch\.m2\repository\com\google\j2objc\j2objc-annotations\2.8\j2objc-annotations-2.8.jar;C:\Users\nitch\.m2\repository\org\junit\jupiter\junit-jupiter\5.8.0\junit-jupiter-5.8.0.jar;C:\Users\nitch\.m2\repository\org\junit\jupiter\junit-jupiter-api\5.8.0\junit-jupiter-api-5.8.0.jar;C:\Users\nitch\.m2\repository\org\opentest4j\opentest4j\1.2.0\opentest4j-1.2.0.jar;C:\Users\nitch\.m2\repository\org\junit\platform\junit-platform-commons\1.8.0\junit-platform-commons-1.8.0.jar;C:\Users\nitch\.m2\repository\org\apiguardian\apiguardian-api\1.1.2\apiguardian-api-1.1.2.jar;C:\Users\nitch\.m2\repository\org\junit\jupiter\junit-jupiter-params\5.8.0\junit-jupiter-params-5.8.0.jar;C:\Users\nitch\.m2\repository\org\junit\jupiter\junit-jupiter-engine\5.8.0\junit-jupiter-engine-5.8.0.jar;C:\Users\nitch\.m2\repository\org\junit\platform\junit-platform-engine\1.8.0\junit-platform-engine-1.8.0.jar;C:\Users\nitch\.m2\repository\org\mockito\mockito-core\5.8.0\mockito-core-5.8.0.jar;C:\Users\nitch\.m2\repository\net\bytebuddy\byte-buddy\1.14.10\byte-buddy-1.14.10.jar;C:\Users\nitch\.m2\repository\net\bytebuddy\byte-buddy-agent\1.14.10\byte-buddy-agent-1.14.10.jar;C:\Users\nitch\.m2\repository\org\objenesis\objenesis\3.3\objenesis-3.3.jar;C:\Users\nitch\.m2\repository\org\mockito\mockito-junit-jupiter\5.8.0\mockito-junit-jupiter-5.8.0.jar;"/>
    <property name="java.vm.vendor" value="Oracle Corporation"/>
    <property name="sun.arch.data.model" value="64"/>
    <property name="user.variant" value=""/>
    <property name="java.vendor.url" value="https://java.oracle.com/"/>
    <property name="user.timezone" value="Asia/Calcutta"/>
    <property name="os.name" value="Windows 11"/>
    <property name="java.vm.specification.version" value="24"/>
    <property name="sun.java.launcher" value="SUN_STANDARD"/>
    <property name="user.country" value="US"/>
    <property name="sun.boot.library.path" value="C:\Users\nitch\.jdks\openjdk-24\bin"/>
    <property name="sun.java.command" value="org.apache.maven.surefire.booter.ForkedBooter C:\Users\nitch\AppData\Local\Temp\surefire4889165781209272856 2025-04-11T07-59-21_151-jvmRun1 surefire-20250411075927749_1tmp surefire_0-20250411075927749_2tmp"/>
    <property name="jdk.debug" value="release"/>
    <property name="surefire.test.class.path" value="C:\Users\nitch\OneDrive\Desktop\udasecurityproject\SecurityService\target\test-classes;C:\Users\nitch\.m2\repository\software\amazon\awssdk\aws-json-protocol\2.25.20\aws-json-protocol-2.25.20.jar;C:\Users\nitch\.m2\repository\software\amazon\awssdk\third-party-jackson-core\2.25.20\third-party-jackson-core-2.25.20.jar;C:\Users\nitch\.m2\repository\software\amazon\awssdk\protocol-core\2.25.20\protocol-core-2.25.20.jar;C:\Users\nitch\.m2\repository\software\amazon\awssdk\http-auth-aws\2.25.20\http-auth-aws-2.25.20.jar;C:\Users\nitch\.m2\repository\software\amazon\awssdk\checksums-spi\2.25.20\checksums-spi-2.25.20.jar;C:\Users\nitch\.m2\repository\software\amazon\awssdk\checksums\2.25.20\checksums-2.25.20.jar;C:\Users\nitch\.m2\repository\org\reactivestreams\reactive-streams\1.0.4\reactive-streams-1.0.4.jar;C:\Users\nitch\.m2\repository\software\amazon\awssdk\http-auth-spi\2.25.20\http-auth-spi-2.25.20.jar;C:\Users\nitch\.m2\repository\software\amazon\awssdk\http-auth\2.25.20\http-auth-2.25.20.jar;C:\Users\nitch\.m2\repository\software\amazon\awssdk\identity-spi\2.25.20\identity-spi-2.25.20.jar;C:\Users\nitch\.m2\repository\software\amazon\awssdk\http-client-spi\2.25.20\http-client-spi-2.25.20.jar;C:\Users\nitch\.m2\repository\software\amazon\awssdk\annotations\2.25.20\annotations-2.25.20.jar;C:\Users\nitch\.m2\repository\software\amazon\awssdk\utils\2.25.20\utils-2.25.20.jar;C:\Users\nitch\.m2\repository\software\amazon\awssdk\aws-core\2.25.20\aws-core-2.25.20.jar;C:\Users\nitch\.m2\repository\software\amazon\awssdk\metrics-spi\2.25.20\metrics-spi-2.25.20.jar;C:\Users\nitch\.m2\repository\software\amazon\awssdk\json-utils\2.25.20\json-utils-2.25.20.jar;C:\Users\nitch\.m2\repository\software\amazon\awssdk\endpoints-spi\2.25.20\endpoints-spi-2.25.20.jar;C:\Users\nitch\.m2\repository\software\amazon\awssdk\apache-client\2.25.20\apache-client-2.25.20.jar;C:\Users\nitch\.m2\repository\org\apache\httpcomponents\httpclient\4.5.13\httpclient-4.5.13.jar;C:\Users\nitch\.m2\repository\commons-logging\commons-logging\1.2\commons-logging-1.2.jar;C:\Users\nitch\.m2\repository\org\apache\httpcomponents\httpcore\4.4.13\httpcore-4.4.13.jar;C:\Users\nitch\.m2\repository\commons-codec\commons-codec\1.15\commons-codec-1.15.jar;C:\Users\nitch\.m2\repository\software\amazon\awssdk\netty-nio-client\2.25.20\netty-nio-client-2.25.20.jar;C:\Users\nitch\.m2\repository\io\netty\netty-codec-http\4.1.108.Final\netty-codec-http-4.1.108.Final.jar;C:\Users\nitch\.m2\repository\io\netty\netty-codec-http2\4.1.108.Final\netty-codec-http2-4.1.108.Final.jar;C:\Users\nitch\.m2\repository\io\netty\netty-codec\4.1.108.Final\netty-codec-4.1.108.Final.jar;C:\Users\nitch\.m2\repository\io\netty\netty-transport\4.1.108.Final\netty-transport-4.1.108.Final.jar;C:\Users\nitch\.m2\repository\io\netty\netty-common\4.1.108.Final\netty-common-4.1.108.Final.jar;C:\Users\nitch\.m2\repository\io\netty\netty-buffer\4.1.108.Final\netty-buffer-4.1.108.Final.jar;C:\Users\nitch\.m2\repository\io\netty\netty-handler\4.1.108.Final\netty-handler-4.1.108.Final.jar;C:\Users\nitch\.m2\repository\io\netty\netty-transport-native-unix-common\4.1.108.Final\netty-transport-native-unix-common-4.1.108.Final.jar;C:\Users\nitch\.m2\repository\io\netty\netty-transport-classes-epoll\4.1.108.Final\netty-transport-classes-epoll-4.1.108.Final.jar;C:\Users\nitch\.m2\repository\io\netty\netty-resolver\4.1.108.Final\netty-resolver-4.1.108.Final.jar;C:\Users\nitch\.m2\repository\software\amazon\awssdk\profiles\2.31.13\profiles-2.31.13.jar;C:\Users\nitch\.m2\repository\software\amazon\awssdk\http-auth-aws-eventstream\2.31.13\http-auth-aws-eventstream-2.31.13.jar;C:\Users\nitch\.m2\repository\software\amazon\eventstream\eventstream\1.0.1\eventstream-1.0.1.jar;C:\Users\nitch\.m2\repository\com\google\guava\guava\33.0.0-jre\guava-33.0.0-jre.jar;C:\Users\nitch\.m2\repository\com\google\guava\failureaccess\1.0.2\failureaccess-1.0.2.jar;C:\Users\nitch\.m2\repository\com\google\guava\listenablefuture\9999.0-empty-to-avoid-conflict-with-guava\listenablefuture-9999.0-empty-to-avoid-conflict-with-guava.jar;C:\Users\nitch\.m2\repository\com\google\code\findbugs\jsr305\3.0.2\jsr305-3.0.2.jar;C:\Users\nitch\.m2\repository\com\google\j2objc\j2objc-annotations\2.8\j2objc-annotations-2.8.jar;C:\Users\nitch\.m2\repository\org\junit\jupiter\junit-jupiter\5.8.0\junit-jupiter-5.8.0.jar;C:\Users\nitch\.m2\repository\org\junit\jupiter\junit-jupiter-api\5.8.0\junit-jupiter-api-5.8.0.jar;C:\Users\nitch\.m2\repository\org\opentest4j\opentest4j\1.2.0\opentest4j-1.2.0.jar;C:\Users\nitch\.m2\repository\org\junit\platform\junit-platform-commons\1.8.0\junit-platform-commons-1.8.0.jar;C:\Users\nitch\.m2\repository\org\apiguardian\apiguardian-api\1.1.2\apiguardian-api-1.1.2.jar;C:\Users\nitch\.m2\repository\org\junit\jupiter\junit-jupiter-params\5.8.0\junit-jupiter-params-5.8.0.jar;C:\Users\nitch\.m2\repository\org\junit\jupiter\junit-jupiter-engine\5.8.0\junit-jupiter-engine-5.8.0.jar;C:\Users\nitch\.m2\repository\org\junit\platform\junit-platform-engine\1.8.0\junit-platform-engine-1.8.0.jar;C:\Users\nitch\.m2\repository\org\mockito\mockito-core\5.8.0\mockito-core-5.8.0.jar;C:\Users\nitch\.m2\repository\net\bytebuddy\byte-buddy\1.14.10\byte-buddy-1.14.10.jar;C:\Users\nitch\.m2\repository\net\bytebuddy\byte-buddy-agent\1.14.10\byte-buddy-agent-1.14.10.jar;C:\Users\nitch\.m2\repository\org\objenesis\objenesis\3.3\objenesis-3.3.jar;C:\Users\nitch\.m2\repository\org\mockito\mockito-junit-jupiter\5.8.0\mockito-junit-jupiter-5.8.0.jar;"/>
    <property name="sun.cpu.endian" value="little"/>
    <property name="user.home" value="C:\Users\nitch"/>
    <property name="user.language" value="en"/>
    <property name="java.specification.vendor" value="Oracle Corporation"/>
    <property name="jdk.module.path" value="C:\Users\nitch\OneDrive\Desktop\udasecurityproject\SecurityService\target\classes;C:\Users\nitch\.m2\repository\com\miglayout\miglayout-swing\11.3\miglayout-swing-11.3.jar;C:\Users\nitch\.m2\repository\com\miglayout\miglayout-core\11.3\miglayout-core-11.3.jar;C:\Users\nitch\OneDrive\Desktop\udasecurityproject\ImageService\target\ImageService-1.0-SNAPSHOT.jar;C:\Users\nitch\.m2\repository\software\amazon\awssdk\rekognition\2.25.20\rekognition-2.25.20.jar;C:\Users\nitch\.m2\repository\software\amazon\awssdk\sdk-core\2.25.20\sdk-core-2.25.20.jar;C:\Users\nitch\.m2\repository\software\amazon\awssdk\regions\2.25.20\regions-2.25.20.jar;C:\Users\nitch\.m2\repository\software\amazon\awssdk\auth\2.31.13\auth-2.31.13.jar;C:\Users\nitch\.m2\repository\org\slf4j\slf4j-api\2.0.7\slf4j-api-2.0.7.jar;C:\Users\nitch\.m2\repository\org\checkerframework\checker-qual\3.41.0\checker-qual-3.41.0.jar;C:\Users\nitch\.m2\repository\com\google\errorprone\error_prone_annotations\2.23.0\error_prone_annotations-2.23.0.jar;C:\Users\nitch\.m2\repository\com\google\code\gson\gson\2.12.1\gson-2.12.1.jar;C:\Users\nitch\.m2\repository\dev\mccue\guava-reflect\33.4.0\guava-reflect-33.4.0.jar;C:\Users\nitch\.m2\repository\dev\mccue\guava-base\33.4.0\guava-base-33.4.0.jar;C:\Users\nitch\.m2\repository\dev\mccue\guava-collect\33.4.0\guava-collect-33.4.0.jar;C:\Users\nitch\.m2\repository\dev\mccue\guava-math\33.4.0\guava-math-33.4.0.jar;C:\Users\nitch\.m2\repository\dev\mccue\guava-primitives\33.4.0\guava-primitives-33.4.0.jar;C:\Users\nitch\.m2\repository\dev\mccue\guava-io\33.4.0\guava-io-33.4.0.jar;C:\Users\nitch\.m2\repository\dev\mccue\guava-hash\33.4.0\guava-hash-33.4.0.jar;C:\Users\nitch\.m2\repository\dev\mccue\guava-graph\33.4.0\guava-graph-33.4.0.jar;C:\Users\nitch\.m2\repository\dev\mccue\jsr305\3.0.2\jsr305-3.0.2.jar"/>
    <property name="java.version.date" value="2025-03-18"/>
    <property name="java.home" value="C:\Users\nitch\.jdks\openjdk-24"/>
    <property name="file.separator" value="\"/>
    <property name="basedir" value="C:\Users\nitch\OneDrive\Desktop\udasecurityproject\SecurityService"/>
    <property name="java.vm.compressedOopsMode" value="Zero based"/>
    <property name="line.separator" value="&#10;"/>
    <property name="java.vm.specification.vendor" value="Oracle Corporation"/>
    <property name="java.specification.name" value="Java Platform API Specification"/>
    <property name="surefire.real.class.path" value="C:\Users\nitch\.m2\repository\org\apache\maven\surefire\surefire-booter\3.2.2\surefire-booter-3.2.2.jar;C:\Users\nitch\.m2\repository\org\apache\maven\surefire\surefire-api\3.2.2\surefire-api-3.2.2.jar;C:\Users\nitch\.m2\repository\org\apache\maven\surefire\surefire-logger-api\3.2.2\surefire-logger-api-3.2.2.jar;C:\Users\nitch\.m2\repository\org\apache\maven\surefire\surefire-shared-utils\3.2.2\surefire-shared-utils-3.2.2.jar;C:\Users\nitch\.m2\repository\org\apache\maven\surefire\surefire-extensions-spi\3.2.2\surefire-extensions-spi-3.2.2.jar;C:\Users\nitch\OneDrive\Desktop\udasecurityproject\SecurityService\target\test-classes;C:\Users\nitch\.m2\repository\software\amazon\awssdk\aws-json-protocol\2.25.20\aws-json-protocol-2.25.20.jar;C:\Users\nitch\.m2\repository\software\amazon\awssdk\third-party-jackson-core\2.25.20\third-party-jackson-core-2.25.20.jar;C:\Users\nitch\.m2\repository\software\amazon\awssdk\protocol-core\2.25.20\protocol-core-2.25.20.jar;C:\Users\nitch\.m2\repository\software\amazon\awssdk\http-auth-aws\2.25.20\http-auth-aws-2.25.20.jar;C:\Users\nitch\.m2\repository\software\amazon\awssdk\checksums-spi\2.25.20\checksums-spi-2.25.20.jar;C:\Users\nitch\.m2\repository\software\amazon\awssdk\checksums\2.25.20\checksums-2.25.20.jar;C:\Users\nitch\.m2\repository\org\reactivestreams\reactive-streams\1.0.4\reactive-streams-1.0.4.jar;C:\Users\nitch\.m2\repository\software\amazon\awssdk\http-auth-spi\2.25.20\http-auth-spi-2.25.20.jar;C:\Users\nitch\.m2\repository\software\amazon\awssdk\http-auth\2.25.20\http-auth-2.25.20.jar;C:\Users\nitch\.m2\repository\software\amazon\awssdk\identity-spi\2.25.20\identity-spi-2.25.20.jar;C:\Users\nitch\.m2\repository\software\amazon\awssdk\http-client-spi\2.25.20\http-client-spi-2.25.20.jar;C:\Users\nitch\.m2\repository\software\amazon\awssdk\annotations\2.25.20\annotations-2.25.20.jar;C:\Users\nitch\.m2\repository\software\amazon\awssdk\utils\2.25.20\utils-2.25.20.jar;C:\Users\nitch\.m2\repository\software\amazon\awssdk\aws-core\2.25.20\aws-core-2.25.20.jar;C:\Users\nitch\.m2\repository\software\amazon\awssdk\metrics-spi\2.25.20\metrics-spi-2.25.20.jar;C:\Users\nitch\.m2\repository\software\amazon\awssdk\json-utils\2.25.20\json-utils-2.25.20.jar;C:\Users\nitch\.m2\repository\software\amazon\awssdk\endpoints-spi\2.25.20\endpoints-spi-2.25.20.jar;C:\Users\nitch\.m2\repository\software\amazon\awssdk\apache-client\2.25.20\apache-client-2.25.20.jar;C:\Users\nitch\.m2\repository\org\apache\httpcomponents\httpclient\4.5.13\httpclient-4.5.13.jar;C:\Users\nitch\.m2\repository\commons-logging\commons-logging\1.2\commons-logging-1.2.jar;C:\Users\nitch\.m2\repository\org\apache\httpcomponents\httpcore\4.4.13\httpcore-4.4.13.jar;C:\Users\nitch\.m2\repository\commons-codec\commons-codec\1.15\commons-codec-1.15.jar;C:\Users\nitch\.m2\repository\software\amazon\awssdk\netty-nio-client\2.25.20\netty-nio-client-2.25.20.jar;C:\Users\nitch\.m2\repository\io\netty\netty-codec-http\4.1.108.Final\netty-codec-http-4.1.108.Final.jar;C:\Users\nitch\.m2\repository\io\netty\netty-codec-http2\4.1.108.Final\netty-codec-http2-4.1.108.Final.jar;C:\Users\nitch\.m2\repository\io\netty\netty-codec\4.1.108.Final\netty-codec-4.1.108.Final.jar;C:\Users\nitch\.m2\repository\io\netty\netty-transport\4.1.108.Final\netty-transport-4.1.108.Final.jar;C:\Users\nitch\.m2\repository\io\netty\netty-common\4.1.108.Final\netty-common-4.1.108.Final.jar;C:\Users\nitch\.m2\repository\io\netty\netty-buffer\4.1.108.Final\netty-buffer-4.1.108.Final.jar;C:\Users\nitch\.m2\repository\io\netty\netty-handler\4.1.108.Final\netty-handler-4.1.108.Final.jar;C:\Users\nitch\.m2\repository\io\netty\netty-transport-native-unix-common\4.1.108.Final\netty-transport-native-unix-common-4.1.108.Final.jar;C:\Users\nitch\.m2\repository\io\netty\netty-transport-classes-epoll\4.1.108.Final\netty-transport-classes-epoll-4.1.108.Final.jar;C:\Users\nitch\.m2\repository\io\netty\netty-resolver\4.1.108.Final\netty-resolver-4.1.108.Final.jar;C:\Users\nitch\.m2\repository\software\amazon\awssdk\profiles\2.31.13\profiles-2.31.13.jar;C:\Users\nitch\.m2\repository\software\amazon\awssdk\http-auth-aws-eventstream\2.31.13\http-auth-aws-eventstream-2.31.13.jar;C:\Users\nitch\.m2\repository\software\amazon\eventstream\eventstream\1.0.1\eventstream-1.0.1.jar;C:\Users\nitch\.m2\repository\com\google\guava\guava\33.0.0-jre\guava-33.0.0-jre.jar;C:\Users\nitch\.m2\repository\com\google\guava\failureaccess\1.0.2\failureaccess-1.0.2.jar;C:\Users\nitch\.m2\repository\com\google\guava\listenablefuture\9999.0-empty-to-avoid-conflict-with-guava\listenablefuture-9999.0-empty-to-avoid-conflict-with-guava.jar;C:\Users\nitch\.m2\repository\com\google\code\findbugs\jsr305\3.0.2\jsr305-3.0.2.jar;C:\Users\nitch\.m2\repository\com\google\j2objc\j2objc-annotations\2.8\j2objc-annotations-2.8.jar;C:\Users\nitch\.m2\repository\org\junit\jupiter\junit-jupiter\5.8.0\junit-jupiter-5.8.0.jar;C:\Users\nitch\.m2\repository\org\junit\jupiter\junit-jupiter-api\5.8.0\junit-jupiter-api-5.8.0.jar;C:\Users\nitch\.m2\repository\org\opentest4j\opentest4j\1.2.0\opentest4j-1.2.0.jar;C:\Users\nitch\.m2\repository\org\junit\platform\junit-platform-commons\1.8.0\junit-platform-commons-1.8.0.jar;C:\Users\nitch\.m2\repository\org\apiguardian\apiguardian-api\1.1.2\apiguardian-api-1.1.2.jar;C:\Users\nitch\.m2\repository\org\junit\jupiter\junit-jupiter-params\5.8.0\junit-jupiter-params-5.8.0.jar;C:\Users\nitch\.m2\repository\org\junit\jupiter\junit-jupiter-engine\5.8.0\junit-jupiter-engine-5.8.0.jar;C:\Users\nitch\.m2\repository\org\junit\platform\junit-platform-engine\1.8.0\junit-platform-engine-1.8.0.jar;C:\Users\nitch\.m2\repository\org\mockito\mockito-core\5.8.0\mockito-core-5.8.0.jar;C:\Users\nitch\.m2\repository\net\bytebuddy\byte-buddy\1.14.10\byte-buddy-1.14.10.jar;C:\Users\nitch\.m2\repository\net\bytebuddy\byte-buddy-agent\1.14.10\byte-buddy-agent-1.14.10.jar;C:\Users\nitch\.m2\repository\org\objenesis\objenesis\3.3\objenesis-3.3.jar;C:\Users\nitch\.m2\repository\org\mockito\mockito-junit-jupiter\5.8.0\mockito-junit-jupiter-5.8.0.jar;C:\Users\nitch\.m2\repository\org\apache\maven\surefire\surefire-junit-platform\3.2.2\surefire-junit-platform-3.2.2.jar;C:\Users\nitch\.m2\repository\org\apache\maven\surefire\common-java5\3.2.2\common-java5-3.2.2.jar;C:\Users\nitch\.m2\repository\org\junit\platform\junit-platform-launcher\1.8.0\junit-platform-launcher-1.8.0.jar"/>
    <property name="user.script" value=""/>
    <property name="sun.management.compiler" value="HotSpot 64-Bit Tiered Compilers"/>
    <property name="java.runtime.version" value="24+36-3646"/>
    <property name="user.name" value="nitch"/>
    <property name="stdout.encoding" value="Cp1252"/>
    <property name="path.separator" value=";"/>
    <property name="os.version" value="10.0"/>
    <property name="java.runtime.name" value="OpenJDK Runtime Environment"/>
    <property name="file.encoding" value="UTF-8"/>
    <property name="java.vm.name" value="OpenJDK 64-Bit Server VM"/>
    <property name="localRepository" value="C:\Users\nitch\.m2\repository"/>
    <property name="java.vendor.url.bug" value="https://bugreport.java.com/bugreport/"/>
    <property name="java.io.tmpdir" value="C:\Users\nitch\AppData\Local\Temp\"/>
    <property name="idea.version" value="2024.3.5"/>
    <property name="java.version" value="24"/>
    <property name="user.dir" value="C:\Users\nitch\OneDrive\Desktop\udasecurityproject\SecurityService"/>
    <property name="os.arch" value="amd64"/>
    <property name="java.vm.specification.name" value="Java Virtual Machine Specification"/>
    <property name="sun.os.patch.level" value=""/>
    <property name="native.encoding" value="Cp1252"/>
    <property name="java.library.path" value="C:\Users\nitch\.jdks\openjdk-24\bin;C:\WINDOWS\Sun\Java\bin;C:\WINDOWS\system32;C:\WINDOWS;C:\Program Files\Common Files\Oracle\Java\javapath;C:\Python312\Scripts\;C:\Python312\;C:\WINDOWS\system32;C:\WINDOWS;C:\WINDOWS\System32\Wbem;C:\WINDOWS\System32\WindowsPowerShell\v1.0\;C:\WINDOWS\System32\OpenSSH\;C:\Program Files\nodejs\;C:\ProgramData\chocolatey\bin;C:\Program Files\MongoDB\Server\7.0\bin;C:\Program Files\Git\cmd;C:\Program Files\Amazon\AWSCLIV2\;C:\Program Files\Apache\Maven\apache-maven-3.9.9\bin;C:\Program Files\Java\jdk-24\bin;C:\Users\nitch\AppData\Local\Microsoft\WindowsApps;C:\Users\nitch\AppData\Local\Programs\Microsoft VS Code\bin;C:\Users\nitch\AppData\Roaming\npm;C:\Users\nitch\AppData\Local\Programs\mongosh\;C:\Program Files\sf\bin;C:\Users\nitch\AppData\Local\GitHubDesktop\bin;C:\Program Files\JetBrains\IntelliJ IDEA Community Edition 2024.3.5\bin;;;."/>
    <property name="java.vm.info" value="mixed mode"/>
    <property name="stderr.encoding" value="Cp1252"/>
    <property name="java.vendor" value="Oracle Corporation"/>
    <property name="java.vm.version" value="24+36-3646"/>
    <property name="sun.io.unicode.encoding" value="UnicodeLittle"/>
    <property name="java.class.version" value="68.0"/>
  </properties>
  <testcase name="noCatAndAllSensorsInactive_setsNoAlarm" classname="com.udasecurity.security.service.SecurityServiceTest" time="1.116">
    <system-err><![CDATA[WARNING: A Java agent has been loaded dynamically (C:\Users\nitch\.m2\repository\net\bytebuddy\byte-buddy-agent\1.14.10\byte-buddy-agent-1.14.10.jar)
WARNING: If a serviceability tool is in use, please run with -XX:+EnableDynamicAgentLoading to hide this warning
WARNING: If a serviceability tool is not in use, please run with -Djdk.instrument.traceUsage for more information
WARNING: Dynamic loading of agents will be disallowed by default in a future release
]]></system-err>
  </testcase>
  <testcase name="redundantSensorActivationInPendingMode_triggersAlarm" classname="com.udasecurity.security.service.SecurityServiceTest" time="0.004"/>
  <testcase name="sensorActivatedInPendingState_triggersAlarm" classname="com.udasecurity.security.service.SecurityServiceTest" time="0.005"/>
  <testcase name="redundantDeactivationOnInactiveSensor_doesNothing" classname="com.udasecurity.security.service.SecurityServiceTest" time="0.003"/>
  <testcase name="imageShowsCatAndSystemGetsArmedHome_triggersAlarm" classname="com.udasecurity.security.service.SecurityServiceTest" time="0.006"/>
  <testcase name="sensorStateChangeIgnoredWhenAlarmActive" classname="com.udasecurity.security.service.SecurityServiceTest" time="0.003"/>
  <testcase name="deactivateAllSensorsInPendingState_resetsToNoAlarm" classname="com.udasecurity.security.service.SecurityServiceTest" time="0.004"/>
  <testcase name="armingSystem_resetsAllSensors(ArmingStatus)[1]" classname="com.udasecurity.security.service.SecurityServiceTest" time="0.033"/>
  <testcase name="armingSystem_resetsAllSensors(ArmingStatus)[2]" classname="com.udasecurity.security.service.SecurityServiceTest" time="0.004"/>
  <testcase name="disarmingSystem_resetsToNoAlarm(AlarmStatus)[1]" classname="com.udasecurity.security.service.SecurityServiceTest" time="0.004"/>
  <testcase name="disarmingSystem_resetsToNoAlarm(AlarmStatus)[2]" classname="com.udasecurity.security.service.SecurityServiceTest" time="0.002"/>
  <testcase name="detectCatWhenArmedHome_setsAlarm" classname="com.udasecurity.security.service.SecurityServiceTest" time="0.003"/>
  <testcase name="sensorActivatedWhileSystemArmed_setsPendingAlarm" classname="com.udasecurity.security.service.SecurityServiceTest" time="0.002"/>
</testsuite>